<?xml version="1.0" encoding="UTF-8"?>
<!-- Generated by org.testng.reporters.JUnitReportReporter -->
<testsuite hostname="DESKTOP-P2CK9GS" failures="0" tests="2" name="TestNG1" time="0.005" errors="0" timestamp="2022-05-03T04:17:15 CEST" skipped="0">
  <testcase classname="TestNG1" name="hello" time="0.005"/>
  <system-out/>
  <testcase classname="TestNG1" name="hello2" time="0.000"/>
  <system-out/>
</testsuite> <!-- TestNG1 -->
